<?xml version="1.0" encoding="UTF-8"?>
<!-- Generated by org.testng.reporters.JUnitXMLReporter -->
<testsuite ignored="0" hostname="DESKTOP-2S7HFKC" failures="0" tests="3" name="Surefire test" time="0.053" errors="0" timestamp="2023-11-07T13:59:56 IST">
  <testcase classname="com.devops.cse.UserValidationTest" name="UserValidationTest1" time="0.013"/>
  <testcase classname="com.devops.cse.UserValidationTest" name="UserValidationTest2" time="0.001"/>
  <testcase classname="com.devops.cse.UserValidationTest" name="UserValidationTest3" time="0.0"/>
</testsuite> <!-- Surefire test -->
